<?xml version="1.0" encoding="UTF-8"?>
<!-- Generated by org.testng.reporters.JUnitXMLReporter -->
<testsuite ignored="3" hostname="KAVINESHWARAN" failures="0" tests="1" name="Default test" time="1.733" errors="0" timestamp="2024-04-24T13:14:42 IST">
  <testcase classname="orange.ApiLearning" name="checkuser" time="1.685"/>
  <testcase classname="orange.ApiLearning" name="putdata" time="0.0">
    <ignored/>
  </testcase> <!-- putdata -->
  <testcase classname="orange.ApiLearning" name="delete" time="0.0">
    <ignored/>
  </testcase> <!-- delete -->
  <testcase classname="orange.ApiLearning" name="postData" time="0.0">
    <ignored/>
  </testcase> <!-- postData -->
</testsuite> <!-- Default test -->
