<?xml version="1.0" encoding="UTF-8"?>
<testng-results ignored="0" total="1" passed="1" failed="0" skipped="0">
  <reporter-output>
  </reporter-output>
  <suite started-at="2024-04-24T13:14:40 IST" name="Default suite" finished-at="2024-04-24T13:14:42 IST" duration-ms="1733">
    <groups>
    </groups>
    <test started-at="2024-04-24T13:14:40 IST" name="Default test" finished-at="2024-04-24T13:14:42 IST" duration-ms="1733">
      <class name="orange.ApiLearning">
        <test-method signature="checkuser()[pri:0, instance:orange.ApiLearning@8458f04]" started-at="2024-04-24T13:14:40 IST" name="checkuser" finished-at="2024-04-24T13:14:42 IST" duration-ms="1685" status="PASS">
          <reporter-output>
          </reporter-output>
        </test-method> <!-- checkuser -->
      </class> <!-- orange.ApiLearning -->
    </test> <!-- Default test -->
  </suite> <!-- Default suite -->
</testng-results>
